Base path: C:/Program Files (x86)/Unity_4.6/Editor/Data
Pipe name: \\.\pipe\UnityShaderCompiler-1-3220
Cmd: getPlatforms
Cmd: preprocess
  insize=10014 outsize=2398 ok=1
Cmd: preprocess
  insize=11431 outsize=758 ok=1
Cmd: preprocess
  insize=967 outsize=1356 ok=1
Cmd: preprocess
  insize=1286 outsize=484 ok=1
Cmd: preprocess
  insize=4367 outsize=550 ok=1
Cmd: preprocess
  insize=1759 outsize=370 ok=1
Cmd: preprocess
  insize=974 outsize=375 ok=1
Cmd: preprocess
  insize=1064 outsize=335 ok=1
Cmd: preprocess
  insize=2058 outsize=509 ok=1
Cmd: preprocess
  insize=1352 outsize=432 ok=1
Cmd: preprocess
  insize=1631 outsize=482 ok=1
Cmd: preprocess
  insize=1175 outsize=429 ok=1
Cmd: preprocess
  insize=6870 outsize=844 ok=1
Cmd: preprocess
  insize=1256 outsize=333 ok=1
Cmd: preprocess
  insize=2789 outsize=811 ok=1
Cmd: preprocess
  insize=1027 outsize=323 ok=1
Cmd: preprocess
  insize=1443 outsize=406 ok=1
Cmd: preprocess
  insize=1519 outsize=370 ok=1
Cmd: preprocess
  insize=1761 outsize=749 ok=1
Cmd: preprocess
  insize=1465 outsize=363 ok=1
Cmd: preprocess
  insize=1345 outsize=347 ok=1
Cmd: preprocess
  insize=2256 outsize=673 ok=1
Cmd: preprocess
  insize=1019 outsize=289 ok=1
Cmd: preprocess
  insize=829 outsize=338 ok=1
Cmd: preprocess
  insize=6754 outsize=1060 ok=1
Cmd: preprocess
  insize=33443 outsize=288 ok=1
Cmd: preprocess
  insize=1282 outsize=279 ok=1
Cmd: preprocess
  insize=3524 outsize=747 ok=1
Cmd: preprocess
  insize=1059 outsize=268 ok=1
Cmd: preprocess
  insize=5588 outsize=1882 ok=1
Cmd: preprocess
  insize=14380 outsize=2159 ok=1
Cmd: preprocess
  insize=1097 outsize=378 ok=1
Cmd: preprocess
  insize=6532 outsize=797 ok=1
Cmd: preprocess
  insize=2615 outsize=823 ok=1
Cmd: preprocess
  insize=477 outsize=1192 ok=1
Cmd: preprocess
  insize=11868 outsize=2702 ok=1
Cmd: preprocess
  insize=1034 outsize=465 ok=1
Cmd: preprocess
  insize=14440 outsize=2775 ok=1
Cmd: preprocess
  insize=2048 outsize=516 ok=1
Cmd: preprocess
  insize=1674 outsize=320 ok=1
Cmd: preprocess
  insize=25498 outsize=3407 ok=1
Cmd: preprocess
  insize=2740 outsize=374 ok=1
Cmd: preprocess
  error: 1 plat 12 at (95): Compiling shaders to OpenGL ES 2.0, Xbox 360, PS3, Flash or DX11 requires both vertex and fragment programs
  insize=2397 outsize=1271 ok=1
Cmd: preprocess
  insize=1823 outsize=317 ok=1
Cmd: preprocess
  insize=1088 outsize=373 ok=1
Cmd: preprocess
  insize=1199 outsize=486 ok=1
Cmd: preprocess
  insize=777 outsize=284 ok=1
Cmd: preprocess
  insize=6056 outsize=914 ok=1
Cmd: preprocess
  insize=5846 outsize=800 ok=1
Cmd: preprocess
  insize=622 outsize=382 ok=1
Cmd: preprocess
  insize=7587 outsize=975 ok=1
Cmd: preprocess
  insize=33452 outsize=288 ok=1
Cmd: preprocess
  insize=5279 outsize=1789 ok=1
Cmd: preprocess
  insize=6968 outsize=271 ok=1
Cmd: preprocess
  insize=4577 outsize=587 ok=1
Cmd: preprocess
  insize=5103 outsize=1147 ok=1
Cmd: preprocess
  insize=6008 outsize=1334 ok=1
Cmd: preprocess
  insize=833 outsize=323 ok=1
Cmd: preprocess
  insize=758 outsize=335 ok=1
Cmd: preprocess
  insize=4076 outsize=685 ok=1
Cmd: preprocess
  insize=936 outsize=319 ok=1
Cmd: preprocess
  insize=1406 outsize=316 ok=1
Cmd: preprocess
  insize=2266 outsize=1040 ok=1
Cmd: preprocess
  insize=5540 outsize=817 ok=1
Cmd: preprocess
  insize=1136 outsize=512 ok=1
Cmd: preprocess
  insize=899 outsize=327 ok=1
Cmd: preprocess
  insize=1285 outsize=411 ok=1
Cmd: preprocess
  insize=616 outsize=277 ok=1
Cmd: preprocess
  insize=773 outsize=337 ok=1
Cmd: preprocess
  insize=5521 outsize=943 ok=1
Cmd: preprocess
  insize=1801 outsize=713 ok=1
